<?xml version="1.0" encoding="UTF-8"?>
<!-- Generated by org.testng.reporters.JUnitReportReporter -->
<testsuite hostname="Juans-MacBook-Pro.local" failures="0" tests="1" name="com.herokuapp.theinternet.PositiveTests" time="13.117" errors="0" timestamp="2022-06-17T09:47:18 CEST" skipped="0">
  <testcase classname="com.herokuapp.theinternet.PositiveTests" name="loginTest" time="13.117"/>
  <system-out/>
</testsuite> <!-- com.herokuapp.theinternet.PositiveTests -->
