<?xml version="1.0" encoding="UTF-8"?>
<!-- Generated by org.testng.reporters.JUnitReportReporter -->
<testsuite hostname="Juans-MacBook-Pro.local" failures="0" tests="1" name="com.herokuapp.theinternet.PositiveTests" time="23.652" errors="0" timestamp="2022-06-16T14:46:33 CEST" skipped="0">
  <testcase classname="com.herokuapp.theinternet.PositiveTests" name="loginTest" time="23.652"/>
  <system-out/>
</testsuite> <!-- com.herokuapp.theinternet.PositiveTests -->
